\BOOKMARK [1][-]{section.1}{\376\377\123\237\164\006\173\200\116\313}{}% 1
\BOOKMARK [2][-]{subsection.1.1}{\376\377\225\356\230\230\136\372\152\041}{section.1}% 2
\BOOKMARK [2][-]{subsection.1.2}{\376\377\0002\000-\000g\000r\000a\000m\152\041\127\213}{section.1}% 3
\BOOKMARK [2][-]{subsection.1.3}{\376\377\000B\000a\000c\000k\000o\000f\000f\000\040\000a\000n\000d\000\040\000I\000n\000t\000e\000r\000p\000o\000l\000a\000t\000i\000o\000n}{section.1}% 4
\BOOKMARK [2][-]{subsection.1.4}{\376\377\0003\000-\000g\000r\000a\000m\152\041\127\213}{section.1}% 5
\BOOKMARK [2][-]{subsection.1.5}{\376\377\000V\000i\000t\000e\000r\000b\000i\173\227\154\325}{section.1}% 6
\BOOKMARK [2][-]{subsection.1.6}{\376\377\000V\000i\000t\000e\000r\000b\000i\173\227\154\325\142\151\134\125\122\060\0003\000-\000g\000r\000a\000m}{section.1}% 7
\BOOKMARK [2][-]{subsection.1.7}{\376\377\116\000\116\233\117\030\123\026}{section.1}% 8
\BOOKMARK [3][-]{subsubsection.1.7.1}{\376\377\122\240\121\145\123\345\133\120\215\167\131\313\173\046\000<\000b\000o\000s\000>\116\016\176\323\147\137\173\046\000<\000e\000o\000s\000>}{subsection.1.7}% 9
\BOOKMARK [3][-]{subsubsection.1.7.2}{\376\377\000B\000e\000a\000m\000\040\000S\000e\000a\000r\000c\000h}{subsection.1.7}% 10
\BOOKMARK [3][-]{subsubsection.1.7.3}{\376\377\000U\000n\000k\000n\000o\000w\000n\000\040\000W\000o\000r\000d\000s}{subsection.1.7}% 11
\BOOKMARK [2][-]{subsection.1.8}{\376\377\121\166\116\326\134\035\213\325}{section.1}% 12
\BOOKMARK [3][-]{subsubsection.1.8.1}{\376\377\000L\000a\000p\000l\000a\000c\000e\136\163\156\321}{subsection.1.8}% 13
\BOOKMARK [3][-]{subsubsection.1.8.2}{\376\377\213\355\145\231\136\223\166\204\142\151\134\125}{subsection.1.8}% 14
\BOOKMARK [3][-]{subsubsection.1.8.3}{\376\377\000I\000n\000t\000e\000r\000p\000o\000l\000a\000t\000i\000o\000n\000\050\143\322\120\074\154\325\000\051\123\302\145\160\166\204\170\156\133\232}{subsection.1.8}% 15
\BOOKMARK [1][-]{section.2}{\376\377\121\167\117\123\122\237\200\375\116\016\117\177\165\050\155\101\172\013}{}% 16
\BOOKMARK [2][-]{subsection.2.1}{\376\377\213\355\145\231\230\204\131\004\164\006}{section.2}% 17
\BOOKMARK [2][-]{subsection.2.2}{\376\377\152\041\127\213\213\255\176\303}{section.2}% 18
\BOOKMARK [2][-]{subsection.2.3}{\376\377\152\041\127\213\155\113\213\325}{section.2}% 19
\BOOKMARK [2][-]{subsection.2.4}{\376\377\116\316\000s\000t\000d\000i\000n\217\223\121\145\155\113\117\213}{section.2}% 20
\BOOKMARK [2][-]{subsection.2.5}{\376\377\145\207\212\000\145\207\152\041\127\213}{section.2}% 21
\BOOKMARK [2][-]{subsection.2.6}{\376\377\147\345\167\013\136\056\122\251}{section.2}% 22
\BOOKMARK [1][-]{section.3}{\376\377\121\306\170\156\163\207\176\337\213\241}{}% 23
\BOOKMARK [1][-]{section.4}{\376\377\145\071\217\333\140\035\215\357}{}% 24
\BOOKMARK [2][-]{subsection.4.1}{\376\377\000B\000i\000d\000i\000r\000e\000c\000t\000i\000o\000n\000a\000l\000i\000t\000y}{section.4}% 25
\BOOKMARK [2][-]{subsection.4.2}{\376\377\213\355\145\231\136\223\166\204\220\002\137\123\142\151\121\105}{section.4}% 26
\BOOKMARK [2][-]{subsection.4.3}{\376\377\134\035\213\325\146\364\232\330\121\103\152\041\127\213}{section.4}% 27
\BOOKMARK [2][-]{subsection.4.4}{\376\377\127\372\116\216\040\034\213\315\040\035\166\204\000n\000-\000G\000r\000a\000m\152\041\127\213}{section.4}% 28
\BOOKMARK [2][-]{subsection.4.5}{\376\377\127\372\116\216\000S\000e\000q\000u\000e\000n\000c\000e\000\040\000P\000r\000o\000c\000e\000s\000s\000i\000n\000g\000\040\000N\000e\000t\000w\000o\000r\000k\000s}{section.4}% 29
\BOOKMARK [1][-]{section.5}{\376\377\140\073\176\323}{}% 30
